6DE5C8B384EBF134
91CB75D014E85247
1009F8A05D8699A3
191BC4F06A773390
C335012AA185B042
2DBFA0387DF870EC
A40444F2ED984F07
93E1FD40CA36AD98
1F25A8A5778F37A5
24319F9918FE2CA1
86C105AEDC01CBEB
514578C6B2183C24
C88C6D7F467525CC
6559E0B9E39651CB
6FCC5D9CBED0CA64
704D2620D4040100
2E533819EC0352E3
FAD8006818D843F0
021E3516690376F8
1D8E5024BBB81C02
9BA292EB99534A2C
EDF7BA3F731AE191
770E9C883DD67C78
0B828E0C0A5A049B
1EC0E4A19C7EF55F
A0F9B2843F9C2D56
8CF25B5181E458EB
583B38DDEF75CD45
E6DBF3115B77E0E9
5282E21FC1631C8D
8A8B8A61AB165D2A
